2016-06-16 10:22:14,445 TRACE [com.arjuna.ats.jta] (default task-8) BaseTransaction.begin
2016-06-16 10:22:14,445 TRACE [com.arjuna.ats.arjuna] (default task-8) StateManager::StateManager( 2, 0 )
2016-06-16 10:22:14,445 TRACE [com.arjuna.ats.arjuna] (default task-8) BasicAction::BasicAction()
2016-06-16 10:22:14,445 TRACE [com.arjuna.ats.arjuna] (default task-8) BasicAction::Begin() for action-id 0:ffff7f000001:44f00699:576261aa:1b
2016-06-16 10:22:14,445 TRACE [com.arjuna.ats.arjuna] (default task-8) BasicAction::actionInitialise() for action-id 0:ffff7f000001:44f00699:576261aa:1b
2016-06-16 10:22:14,445 TRACE [com.arjuna.ats.arjuna] (default task-8) ActionHierarchy::ActionHierarchy(1)
2016-06-16 10:22:14,445 TRACE [com.arjuna.ats.arjuna] (default task-8) ActionHierarchy::add(0:ffff7f000001:44f00699:576261aa:1b, 1)
2016-06-16 10:22:14,445 TRACE [com.arjuna.ats.arjuna] (default task-8) BasicAction::addChildThread () action 0:ffff7f000001:44f00699:576261aa:1b adding Thread[default task-8,5,main]
2016-06-16 10:22:14,445 TRACE [com.arjuna.ats.arjuna] (default task-8) BasicAction::addChildThread () action 0:ffff7f000001:44f00699:576261aa:1b adding Thread[default task-8,5,main] result = true
2016-06-16 10:22:14,445 TRACE [com.arjuna.ats.arjuna] (default task-8) TransactionReaper::insert ( BasicAction: 0:ffff7f000001:44f00699:576261aa:1b status: ActionStatus.RUNNING, 300 )
2016-06-16 10:22:14,445 TRACE [com.arjuna.ats.arjuna] (default task-8) ReaperElement::ReaperElement ( BasicAction: 0:ffff7f000001:44f00699:576261aa:1b status: ActionStatus.RUNNING, 300 )
2016-06-16 10:22:14,445 TRACE [com.arjuna.ats.jta] (default task-8) TransactionImple.getStatus: javax.transaction.Status.STATUS_ACTIVE
2016-06-16 10:22:14,446 TRACE [com.arjuna.ats.jta] (default task-8) TransactionImpleManager.suspend
2016-06-16 10:22:14,446 TRACE [com.arjuna.ats.arjuna] (default task-8) BasicAction::removeChildThread () action 0:ffff7f000001:44f00699:576261aa:1b removing TSThread:6
2016-06-16 10:22:14,446 TRACE [com.arjuna.ats.arjuna] (default task-8) BasicAction::removeChildThread () action 0:ffff7f000001:44f00699:576261aa:1b removing TSThread:6 result = true
2016-06-16 10:22:14,446 TRACE [com.arjuna.ats.jta] (default task-8) BaseTransaction.begin
2016-06-16 10:22:14,446 TRACE [com.arjuna.ats.arjuna] (default task-8) StateManager::StateManager( 2, 0 )
2016-06-16 10:22:14,446 TRACE [com.arjuna.ats.arjuna] (default task-8) BasicAction::BasicAction()
2016-06-16 10:22:14,447 TRACE [com.arjuna.ats.arjuna] (default task-8) BasicAction::Begin() for action-id 0:ffff7f000001:44f00699:576261aa:1c
2016-06-16 10:22:14,448 TRACE [com.arjuna.ats.arjuna] (default task-8) BasicAction::actionInitialise() for action-id 0:ffff7f000001:44f00699:576261aa:1c
2016-06-16 10:22:14,448 TRACE [com.arjuna.ats.arjuna] (default task-8) ActionHierarchy::ActionHierarchy(1)
2016-06-16 10:22:14,448 TRACE [com.arjuna.ats.arjuna] (default task-8) ActionHierarchy::add(0:ffff7f000001:44f00699:576261aa:1c, 1)
2016-06-16 10:22:14,448 TRACE [com.arjuna.ats.arjuna] (default task-8) BasicAction::addChildThread () action 0:ffff7f000001:44f00699:576261aa:1c adding Thread[default task-8,5,main]
2016-06-16 10:22:14,448 TRACE [com.arjuna.ats.arjuna] (default task-8) BasicAction::addChildThread () action 0:ffff7f000001:44f00699:576261aa:1c adding Thread[default task-8,5,main] result = true
2016-06-16 10:22:14,448 TRACE [com.arjuna.ats.arjuna] (default task-8) TransactionReaper::insert ( BasicAction: 0:ffff7f000001:44f00699:576261aa:1c status: ActionStatus.RUNNING, 300 )
2016-06-16 10:22:14,448 TRACE [com.arjuna.ats.arjuna] (default task-8) ReaperElement::ReaperElement ( BasicAction: 0:ffff7f000001:44f00699:576261aa:1c status: ActionStatus.RUNNING, 300 )
2016-06-16 10:22:14,449 TRACE [com.arjuna.ats.jta] (default task-8) TransactionImple.getStatus: javax.transaction.Status.STATUS_ACTIVE
2016-06-16 10:22:14,449 TRACE [com.arjuna.ats.jta] (default task-8) BaseTransaction.commit
2016-06-16 10:22:14,449 TRACE [com.arjuna.ats.jta] (default task-8) TransactionImple.commitAndDisassociate
2016-06-16 10:22:14,449 TRACE [com.arjuna.ats.arjuna] (default task-8) BasicAction::End() for action-id 0:ffff7f000001:44f00699:576261aa:1c
2016-06-16 10:22:14,449 TRACE [com.arjuna.ats.arjuna] (default task-8) BasicAction::End() result for action-id (0:ffff7f000001:44f00699:576261aa:1c) is (TwoPhaseOutcome.PREPARE_OK) node id: (1)
2016-06-16 10:22:14,449 TRACE [com.arjuna.ats.arjuna] (default task-8) BasicAction::removeChildThread () action 0:ffff7f000001:44f00699:576261aa:1c removing TSThread:6
2016-06-16 10:22:14,449 TRACE [com.arjuna.ats.arjuna] (default task-8) BasicAction::removeChildThread () action 0:ffff7f000001:44f00699:576261aa:1c removing TSThread:6 result = true
2016-06-16 10:22:14,449 TRACE [com.arjuna.ats.arjuna] (default task-8) TransactionReaper::remove ( BasicAction: 0:ffff7f000001:44f00699:576261aa:1c status: ActionStatus.COMMITTED )
2016-06-16 10:22:14,449 TRACE [com.arjuna.ats.jta] (default task-8) TransactionImpleManager.resume
2016-06-16 10:22:14,449 TRACE [com.arjuna.ats.arjuna] (default task-8) BasicAction::addChildThread () action 0:ffff7f000001:44f00699:576261aa:1b adding Thread[default task-8,5,main]
2016-06-16 10:22:14,449 TRACE [com.arjuna.ats.arjuna] (default task-8) BasicAction::addChildThread () action 0:ffff7f000001:44f00699:576261aa:1b adding Thread[default task-8,5,main] result = true
2016-06-16 10:22:14,449 INFO  [org.jboss.as.test.jbossts.crashrec.jms.JMSCrashBean] (default task-8) testXA called with message=none and connectionFactoryJNDIName=java:/JmsXA
2016-06-16 10:22:14,450 TRACE [com.arjuna.ats.jta] (default task-8) TransactionImple.getStatus: javax.transaction.Status.STATUS_ACTIVE
2016-06-16 10:22:14,472 INFO  [org.jboss.as.test.jbossts.crashrec.common.CrashBeanCommon] (default task-8) CrashBeanCommon.enlistSynchronization
2016-06-16 10:22:14,484 TRACE [com.arjuna.ats.jta] (default task-8) TransactionImple.registerSynchronization - Class: class org.jboss.as.test.jbossts.common.TestSynchronization HashCode: 438380639 toString: org.jboss.as.test.jbossts.common.TestSynchronization@1a21285f
2016-06-16 10:22:14,484 INFO  [org.jboss.as.test.jbossts.crashrec.common.CrashBeanCommon] (default task-8) CrashBeanCommon.enlistXAResource
2016-06-16 10:22:14,485 INFO  [org.jboss.as.test.jbossts.common.TestXAResourceCommon] (default task-8) TestXAResourceCommon.created()[id=756]
2016-06-16 10:22:14,485 INFO  [org.jboss.as.test.jbossts.common.TestXAResource] (default task-8) TestXAResource.created()[id=756]
2016-06-16 10:22:14,542 TRACE [com.arjuna.ats.jta] (default task-8) TransactionImple.enlistResource ( TestXAResource(TestXAResourceCommon(id:756, xid:null, timeout:0, prepareReturn:0)) )
2016-06-16 10:22:14,542 TRACE [com.arjuna.ats.jta] (default task-8) TransactionImple.getStatus: javax.transaction.Status.STATUS_ACTIVE
2016-06-16 10:22:14,542 TRACE [com.arjuna.ats.arjuna] (default task-8) InputObjectState::InputObjectState()
2016-06-16 10:22:14,542 TRACE [com.arjuna.ats.arjuna] (default task-8) FileSystemStore.allObjUids(EISNAME, InputObjectState Uid   : 0:0:0:0:0
InputObjectState Type  : null
InputObjectState Size  : 0
InputObjectState Buffer: , -1)
2016-06-16 10:22:14,542 TRACE [com.arjuna.ats.arjuna] (default task-8) OutputObjectState::OutputObjectState()
2016-06-16 10:22:14,542 INFO  [org.jboss.as.test.jbossts.common.TestXAResourceCommon] (default task-8) getJndiName()[return java:/TestXAResource-756][id=756]
2016-06-16 10:22:14,543 TRACE [com.arjuna.ats.arjuna] (default task-8) OutputObjectState::OutputObjectState()
2016-06-16 10:22:14,543 TRACE [com.arjuna.ats.arjuna] (default task-8) FileSystemStore.write_committed(0:ffff7f000001:44f00699:576261aa:20, EISNAME)
2016-06-16 10:22:14,543 TRACE [com.arjuna.ats.arjuna] (default task-8) ShadowingStore.write_state(0:ffff7f000001:44f00699:576261aa:20, EISNAME, StateType.OS_ORIGINAL)
2016-06-16 10:22:14,543 TRACE [com.arjuna.ats.arjuna] (default task-8) ShadowingStore.genPathName(0:ffff7f000001:44f00699:576261aa:20, EISNAME, StateType.OS_ORIGINAL)
2016-06-16 10:22:14,543 TRACE [com.arjuna.ats.arjuna] (default task-8) FileSystemStore.genPathName(0:ffff7f000001:44f00699:576261aa:20, EISNAME, 11)
2016-06-16 10:22:14,544 TRACE [com.arjuna.ats.arjuna] (default task-8) FileSystemStore.openAndLock(/home/ochaloup/Transactions/eap-tests-transactions/jbossts/target/jbossas-jbossts/standalone/data/tx-object-store/ShadowNoFileLockStore/defaultStore/EISNAME/0_ffff7f000001_44f00699_576261aa_20, FileLock.F_WRLCK, true)
2016-06-16 10:22:14,544 TRACE [com.arjuna.ats.arjuna] (default task-8) FileSystemStore.createHierarchy(/home/ochaloup/Transactions/eap-tests-transactions/jbossts/target/jbossas-jbossts/standalone/data/tx-object-store/ShadowNoFileLockStore/defaultStore/EISNAME/0_ffff7f000001_44f00699_576261aa_20)
2016-06-16 10:22:14,550 TRACE [com.arjuna.ats.arjuna] (default task-8) FileSystemStore.closeAndUnlock(/home/ochaloup/Transactions/eap-tests-transactions/jbossts/target/jbossas-jbossts/standalone/data/tx-object-store/ShadowNoFileLockStore/defaultStore/EISNAME/0_ffff7f000001_44f00699_576261aa_20, null, java.io.FileOutputStream@54713cd5)
2016-06-16 10:22:14,557 INFO  [org.jboss.as.test.jbossts.common.TestXAResourceCommon] (default task-8) TestXAResourceCommon.setTransactionTimeout(i=300)[id=756]
2016-06-16 10:22:14,557 TRACE [com.arjuna.ats.arjuna] (default task-8) StateManager::StateManager( 1, 0 )
2016-06-16 10:22:14,558 TRACE [com.arjuna.ats.arjuna] (default task-8) AbstractRecord::AbstractRecord (0:ffff7f000001:44f00699:576261aa:22, 1)
2016-06-16 10:22:14,561 TRACE [com.arjuna.ats.jta] (default task-8) XAResourceRecord.XAResourceRecord ( < formatId=131077, gtrid_length=29, bqual_length=36, tx_uid=0:ffff7f000001:44f00699:576261aa:1b, node_name=1, branch_uid=0:ffff7f000001:44f00699:576261aa:21, subordinatenodename=null, eis_name=java:/TestXAResource-756 >, TestXAResource(TestXAResourceCommon(id:756, xid:null, timeout:300, prepareReturn:0)) ), record id=0:ffff7f000001:44f00699:576261aa:22
2016-06-16 10:22:14,561 INFO  [org.jboss.as.test.jbossts.common.TestXAResourceCommon] (default task-8) getJndiName()[return java:/TestXAResource-756][id=756]
2016-06-16 10:22:14,567 INFO  [org.jboss.as.test.jbossts.common.TestXAResourceCommon] (default task-8) TestXAResourceCommon.start(Xid=< formatId=131077, gtrid_length=29, bqual_length=36, tx_uid=0:ffff7f000001:44f00699:576261aa:1b, node_name=1, branch_uid=0:ffff7f000001:44f00699:576261aa:21, subordinatenodename=null, eis_name=java:/TestXAResource-756 >, i=0)[id=756]
2016-06-16 10:22:14,568 TRACE [com.arjuna.ats.arjuna] (default task-8) RecordList::insert(RecordList: empty) : appending /StateManager/AbstractRecord/XAResourceRecord for 0:ffff7f000001:44f00699:576261aa:22
2016-06-16 10:22:14,569 INFO  [org.jboss.as.test.jbossts.crashrec.common.CrashBeanCommon] (default task-8) CrashBeanCommon.beforeEntityUpdate
2016-06-16 10:22:14,569 TRACE [com.arjuna.ats.jta] (default task-8) TransactionImple.getStatus: javax.transaction.Status.STATUS_ACTIVE
2016-06-16 10:22:14,569 TRACE [com.arjuna.ats.jta] (default task-8) TransactionSynchronizationRegistryImple.getTransactionKey
2016-06-16 10:22:14,570 TRACE [com.arjuna.ats.jta] (default task-8) TransactionSynchronizationRegistryImple.getResource
2016-06-16 10:22:14,570 TRACE [com.arjuna.ats.jta] (default task-8) TransactionImple.getStatus: javax.transaction.Status.STATUS_ACTIVE
2016-06-16 10:22:14,570 TRACE [com.arjuna.ats.jta] (default task-8) TransactionSynchronizationRegistryImple.putResource
2016-06-16 10:22:14,570 TRACE [com.arjuna.ats.jta] (default task-8) TransactionImple.getStatus: javax.transaction.Status.STATUS_ACTIVE
2016-06-16 10:22:14,570 TRACE [com.arjuna.ats.jta] (default task-8) TransactionSynchronizationRegistryImple.getTransactionKey
2016-06-16 10:22:14,570 TRACE [com.arjuna.ats.jta] (default task-8) TransactionSynchronizationRegistryImple.getTransactionKey
2016-06-16 10:22:14,570 TRACE [com.arjuna.ats.jta] (default task-8) TransactionSynchronizationRegistryImple.getResource
2016-06-16 10:22:14,570 TRACE [com.arjuna.ats.jta] (default task-8) TransactionImple.getStatus: javax.transaction.Status.STATUS_ACTIVE
2016-06-16 10:22:14,570 TRACE [com.arjuna.ats.jta] (default task-8) TransactionSynchronizationRegistryImple.getResource
2016-06-16 10:22:14,570 TRACE [com.arjuna.ats.jta] (default task-8) TransactionImple.getStatus: javax.transaction.Status.STATUS_ACTIVE
2016-06-16 10:22:14,573 TRACE [com.arjuna.ats.jta] (default task-8) TransactionSynchronizationRegistryImple.getTransactionKey
2016-06-16 10:22:14,573 TRACE [com.arjuna.ats.jta] (default task-8) TransactionSynchronizationRegistryImple.getResource
2016-06-16 10:22:14,573 TRACE [com.arjuna.ats.jta] (default task-8) TransactionImple.getStatus: javax.transaction.Status.STATUS_ACTIVE
2016-06-16 10:22:14,573 TRACE [com.arjuna.ats.jta] (default task-8) TransactionSynchronizationRegistryImple.getResource
2016-06-16 10:22:14,573 TRACE [com.arjuna.ats.jta] (default task-8) TransactionImple.getStatus: javax.transaction.Status.STATUS_ACTIVE
2016-06-16 10:22:14,573 TRACE [com.arjuna.ats.jta] (default task-8) TransactionSynchronizationRegistryImple.putResource
2016-06-16 10:22:14,573 TRACE [com.arjuna.ats.jta] (default task-8) TransactionImple.getStatus: javax.transaction.Status.STATUS_ACTIVE
2016-06-16 10:22:14,573 TRACE [com.arjuna.ats.jta] (default task-8) TransactionImple.getStatus: javax.transaction.Status.STATUS_ACTIVE
2016-06-16 10:22:14,576 TRACE [com.arjuna.ats.jta] (default task-8) TransactionSynchronizationRegistryImple.registerInterposedSynchronization - Class: class org.jboss.as.txn.service.internal.tsr.JCAOrderedLastSynchronizationList HashCode: 1873476052 toString: org.jboss.as.txn.service.internal.tsr.JCAOrderedLastSynchronizationList@6faaf9d4
2016-06-16 10:22:14,576 TRACE [com.arjuna.ats.jta] (default task-8) TransactionImple.getStatus: javax.transaction.Status.STATUS_ACTIVE
2016-06-16 10:22:14,576 TRACE [com.arjuna.ats.jta] (default task-8) TransactionImple.getStatus: javax.transaction.Status.STATUS_ACTIVE
2016-06-16 10:22:14,578 TRACE [com.arjuna.ats.jta] (default task-8) TransactionImple.enlistResource ( org.jboss.activemq.artemis.wildfly.integration.WildFlyActiveMQXAResourceWrapper@82d1e54 )
2016-06-16 10:22:14,578 TRACE [com.arjuna.ats.jta] (default task-8) TransactionImple.getStatus: javax.transaction.Status.STATUS_ACTIVE
2016-06-16 10:22:14,582 INFO  [org.jboss.as.test.jbossts.common.TestXAResourceCommon] (default task-8) TestXAResourceCommon.isSameRM(xaResource=org.jboss.activemq.artemis.wildfly.integration.WildFlyActiveMQXAResourceWrapper@82d1e54)[return 'false'][id=756]
2016-06-16 10:22:14,582 TRACE [com.arjuna.ats.arjuna] (default task-8) OutputObjectState::OutputObjectState()
2016-06-16 10:22:14,582 TRACE [com.arjuna.ats.arjuna] (default task-8) FileSystemStore.write_committed(0:ffff7f000001:44f00699:576261aa:26, EISNAME)
2016-06-16 10:22:14,582 TRACE [com.arjuna.ats.arjuna] (default task-8) ShadowingStore.write_state(0:ffff7f000001:44f00699:576261aa:26, EISNAME, StateType.OS_ORIGINAL)
2016-06-16 10:22:14,582 TRACE [com.arjuna.ats.arjuna] (default task-8) ShadowingStore.genPathName(0:ffff7f000001:44f00699:576261aa:26, EISNAME, StateType.OS_ORIGINAL)
2016-06-16 10:22:14,582 TRACE [com.arjuna.ats.arjuna] (default task-8) FileSystemStore.genPathName(0:ffff7f000001:44f00699:576261aa:26, EISNAME, 11)
2016-06-16 10:22:14,582 TRACE [com.arjuna.ats.arjuna] (default task-8) FileSystemStore.openAndLock(/home/ochaloup/Transactions/eap-tests-transactions/jbossts/target/jbossas-jbossts/standalone/data/tx-object-store/ShadowNoFileLockStore/defaultStore/EISNAME/0_ffff7f000001_44f00699_576261aa_26, FileLock.F_WRLCK, true)
2016-06-16 10:22:14,587 TRACE [com.arjuna.ats.arjuna] (default task-8) FileSystemStore.closeAndUnlock(/home/ochaloup/Transactions/eap-tests-transactions/jbossts/target/jbossas-jbossts/standalone/data/tx-object-store/ShadowNoFileLockStore/defaultStore/EISNAME/0_ffff7f000001_44f00699_576261aa_26, null, java.io.FileOutputStream@2b4cf0eb)
2016-06-16 10:22:14,588 TRACE [com.arjuna.ats.arjuna] (default task-8) StateManager::StateManager( 1, 0 )
2016-06-16 10:22:14,589 TRACE [com.arjuna.ats.arjuna] (default task-8) AbstractRecord::AbstractRecord (0:ffff7f000001:44f00699:576261aa:28, 1)
2016-06-16 10:22:14,589 TRACE [com.arjuna.ats.jta] (default task-8) XAResourceRecord.XAResourceRecord ( < formatId=131077, gtrid_length=29, bqual_length=36, tx_uid=0:ffff7f000001:44f00699:576261aa:1b, node_name=1, branch_uid=0:ffff7f000001:44f00699:576261aa:27, subordinatenodename=null, eis_name=java:/JmsXA NodeId:677be8e2-339b-11e6-8b9d-ad1687d74656 >, org.jboss.activemq.artemis.wildfly.integration.WildFlyActiveMQXAResourceWrapper@82d1e54 ), record id=0:ffff7f000001:44f00699:576261aa:28
2016-06-16 10:22:14,590 TRACE [com.arjuna.ats.arjuna] (default task-8) RecordList::insert(RecordList: 0:ffff7f000001:44f00699:576261aa:22) : appending /StateManager/AbstractRecord/XAResourceRecord for 0:ffff7f000001:44f00699:576261aa:28
2016-06-16 10:22:14,590 INFO  [org.jboss.as.test.jbossts.crashrec.jms.MessageHelper] (default task-8) Looking for queue by jndi java:jboss/queue/crashRecoveryQueue or by connection factory lookup on queue queue/crashRecoveryQueue
2016-06-16 10:22:14,602 INFO  [org.jboss.as.test.jbossts.crashrec.jms.MessageHelper] (default task-8) Sending message 'none' to queue queue/crashRecoveryQueue via connection factory java:/JmsXA [queue name on broker: ActiveMQQueue[queue/crashRecoveryQueue]]
2016-06-16 10:22:14,605 INFO  [org.jboss.as.test.jbossts.crashrec.common.CrashBeanCommon] (default task-8) CrashBeanCommon.afterEntityUpdate
2016-06-16 10:22:14,605 TRACE [com.arjuna.ats.jta] (default task-8) TransactionImple.getStatus: javax.transaction.Status.STATUS_ACTIVE
2016-06-16 10:22:14,605 TRACE [com.arjuna.ats.jta] (default task-8) BaseTransaction.commit
2016-06-16 10:22:14,605 TRACE [com.arjuna.ats.jta] (default task-8) TransactionImple.commitAndDisassociate
2016-06-16 10:22:14,605 TRACE [com.arjuna.ats.jta] (default task-8) SynchronizationImple.beforeCompletion - Class: class org.jboss.as.test.jbossts.common.TestSynchronization HashCode: 438380639 toString: org.jboss.as.test.jbossts.common.TestSynchronization@1a21285f
2016-06-16 10:22:14,611 INFO  [org.jboss.as.test.jbossts.common.TestSynchronization] (default task-8) TestSynchronization.beforeCompletion()
2016-06-16 10:22:14,611 TRACE [com.arjuna.ats.jta] (default task-8) SynchronizationImple.beforeCompletion - Class: class org.jboss.as.txn.service.internal.tsr.JCAOrderedLastSynchronizationList HashCode: 1873476052 toString: org.jboss.as.txn.service.internal.tsr.JCAOrderedLastSynchronizationList@6faaf9d4
2016-06-16 10:22:14,611 TRACE [com.arjuna.ats.jta] (default task-8) TransactionImple.getStatus: javax.transaction.Status.STATUS_ACTIVE
2016-06-16 10:22:14,611 TRACE [com.arjuna.ats.jta] (default task-8) TransactionImple.getStatus: javax.transaction.Status.STATUS_ACTIVE
2016-06-16 10:22:14,611 TRACE [com.arjuna.ats.jta] (default task-8) TransactionImple.delistResource ( org.jboss.activemq.artemis.wildfly.integration.WildFlyActiveMQXAResourceWrapper@82d1e54, 67108864 )
2016-06-16 10:22:14,611 TRACE [com.arjuna.ats.jta] (default task-8) TransactionImple.getStatus: javax.transaction.Status.STATUS_ACTIVE
2016-06-16 10:22:14,612 TRACE [com.arjuna.ats.arjuna] (default task-8) BasicAction::End() for action-id 0:ffff7f000001:44f00699:576261aa:1b
2016-06-16 10:22:14,612 TRACE [com.arjuna.ats.arjuna] (default task-8) BasicAction::prepare () for action-id 0:ffff7f000001:44f00699:576261aa:1b
2016-06-16 10:22:14,614 TRACE [com.arjuna.ats.jta] (default task-8) XAResourceRecord.topLevelPrepare for XAResourceRecord < resource:TestXAResource(TestXAResourceCommon(id:756, xid:< formatId=131077, gtrid_length=29, bqual_length=36, tx_uid=0:ffff7f000001:44f00699:576261aa:1b, node_name=1, branch_uid=0:ffff7f000001:44f00699:576261aa:21, subordinatenodename=null, eis_name=java:/TestXAResource-756 >, timeout:300, prepareReturn:0)), txid:< formatId=131077, gtrid_length=29, bqual_length=36, tx_uid=0:ffff7f000001:44f00699:576261aa:1b, node_name=1, branch_uid=0:ffff7f000001:44f00699:576261aa:21, subordinatenodename=null, eis_name=java:/TestXAResource-756 >, heuristic: TwoPhaseOutcome.FINISH_OK, product: Crash Recovery Test/EAP Test, jndiName: java:/TestXAResource-756 com.arjuna.ats.internal.jta.resources.arjunacore.XAResourceRecord@2262303f >, record id=0:ffff7f000001:44f00699:576261aa:22
2016-06-16 10:22:14,619 INFO  [org.jboss.as.test.jbossts.common.TestXAResourceCommon] (default task-8) TestXAResourceCommon.end(Xid=< formatId=131077, gtrid_length=29, bqual_length=36, tx_uid=0:ffff7f000001:44f00699:576261aa:1b, node_name=1, branch_uid=0:ffff7f000001:44f00699:576261aa:21, subordinatenodename=null, eis_name=java:/TestXAResource-756 >, i=67108864)[id=756]
2016-06-16 10:22:14,626 INFO  [org.jboss.as.test.jbossts.common.TestXAResourceCommon] (default task-8) TestXAResourceCommon.prepare(Xid=< formatId=131077, gtrid_length=29, bqual_length=36, tx_uid=0:ffff7f000001:44f00699:576261aa:1b, node_name=1, branch_uid=0:ffff7f000001:44f00699:576261aa:21, subordinatenodename=null, eis_name=java:/TestXAResource-756 >)[return 0][id=756]
2016-06-16 10:22:14,626 INFO  [org.jboss.as.test.jbossts.common.TestXAResourceRecoveryHelper] (default task-8) logPrepared(xid=< formatId=131077, gtrid_length=29, bqual_length=36, tx_uid=0:ffff7f000001:44f00699:576261aa:1b, node_name=1, branch_uid=0:ffff7f000001:44f00699:576261aa:21, subordinatenodename=null, eis_name=java:/TestXAResource-756 >)
2016-06-16 10:22:14,627 INFO  [org.jboss.as.test.jbossts.common.TestXAResourceRecoveryHelper] (default task-8) Using file /home/ochaloup/Transactions/eap-tests-transactions/jbossts/target/jbossas-jbossts/standalone/data/tx-object-store/TestXAResourceStateStore/TestXAResource.ser for saving state of the org.jboss.as.test.jbossts.common.TestXAResource XA resource
2016-06-16 10:22:14,627 INFO  [org.jboss.as.test.jbossts.common.TestXAResourceRecoveryHelper] (default task-8) logging xids: [< formatId=131077, gtrid_length=29, bqual_length=36, tx_uid=0:ffff7f000001:44f00699:576261aa:1b, node_name=1, branch_uid=0:ffff7f000001:44f00699:576261aa:21, subordinatenodename=null, eis_name=java:/TestXAResource-756 >][number: 1] records to /home/ochaloup/Transactions/eap-tests-transactions/jbossts/target/jbossas-jbossts/standalone/data/tx-object-store/TestXAResourceStateStore/TestXAResource.ser
2016-06-16 10:22:14,629 TRACE [com.arjuna.ats.arjuna] (default task-8) BasicAction::doPrepare() result for action-id (0:ffff7f000001:44f00699:576261aa:1b) on record id: (0:ffff7f000001:44f00699:576261aa:22) is (TwoPhaseOutcome.PREPARE_OK) node id: (1)
2016-06-16 10:22:14,629 TRACE [com.arjuna.ats.arjuna] (default task-8) RecordList::insert(RecordList: empty) : appending /StateManager/AbstractRecord/XAResourceRecord for 0:ffff7f000001:44f00699:576261aa:22
2016-06-16 10:22:14,629 TRACE [com.arjuna.ats.jta] (default task-8) XAResourceRecord.topLevelPrepare for XAResourceRecord < resource:org.jboss.activemq.artemis.wildfly.integration.WildFlyActiveMQXAResourceWrapper@82d1e54, txid:< formatId=131077, gtrid_length=29, bqual_length=36, tx_uid=0:ffff7f000001:44f00699:576261aa:1b, node_name=1, branch_uid=0:ffff7f000001:44f00699:576261aa:27, subordinatenodename=null, eis_name=java:/JmsXA NodeId:677be8e2-339b-11e6-8b9d-ad1687d74656 >, heuristic: TwoPhaseOutcome.FINISH_OK, product: ActiveMQ Artemis/1.1.0.SP16-redhat-1, jndiName: java:/JmsXA NodeId:677be8e2-339b-11e6-8b9d-ad1687d74656 com.arjuna.ats.internal.jta.resources.arjunacore.XAResourceRecord@6fecd665 >, record id=0:ffff7f000001:44f00699:576261aa:28
2016-06-16 10:22:14,633 TRACE [com.arjuna.ats.arjuna] (default task-8) BasicAction::doPrepare() result for action-id (0:ffff7f000001:44f00699:576261aa:1b) on record id: (0:ffff7f000001:44f00699:576261aa:28) is (TwoPhaseOutcome.PREPARE_OK) node id: (1)
2016-06-16 10:22:14,633 TRACE [com.arjuna.ats.arjuna] (default task-8) RecordList::insert(RecordList: 0:ffff7f000001:44f00699:576261aa:22) : appending /StateManager/AbstractRecord/XAResourceRecord for 0:ffff7f000001:44f00699:576261aa:28
2016-06-16 10:22:14,633 TRACE [com.arjuna.ats.arjuna] (default task-8) OutputObjectState::OutputObjectState(0:ffff7f000001:44f00699:576261aa:1b, /StateManager/BasicAction/TwoPhaseCoordinator/AtomicAction)
2016-06-16 10:22:14,633 TRACE [com.arjuna.ats.arjuna] (default task-8) BasicAction::save_state ()
2016-06-16 10:22:14,633 TRACE [com.arjuna.ats.arjuna] (default task-8) StateManager.packHeader for object-id 0:ffff7f000001:44f00699:576261aa:1b birth-date 1466065334633
2016-06-16 10:22:14,633 TRACE [com.arjuna.ats.arjuna] (default task-8) BasicAction::save_state - next record to pack is a 171 record /StateManager/AbstractRecord/XAResourceRecord should save it? = true
2016-06-16 10:22:14,633 TRACE [com.arjuna.ats.arjuna] (default task-8) Packing a 171 record
2016-06-16 10:22:14,634 TRACE [com.arjuna.ats.arjuna] (default task-8) BasicAction::save_state - next record to pack is a 171 record /StateManager/AbstractRecord/XAResourceRecord should save it? = true
2016-06-16 10:22:14,634 TRACE [com.arjuna.ats.arjuna] (default task-8) Packing a 171 record
2016-06-16 10:22:14,634 TRACE [com.arjuna.ats.arjuna] (default task-8) Packing a NONE_RECORD
2016-06-16 10:22:14,634 TRACE [com.arjuna.ats.arjuna] (default task-8) Packing action status of ActionStatus.COMMITTING
2016-06-16 10:22:14,634 TRACE [com.arjuna.ats.arjuna] (default task-8) FileSystemStore.write_committed(0:ffff7f000001:44f00699:576261aa:1b, /StateManager/BasicAction/TwoPhaseCoordinator/AtomicAction)
2016-06-16 10:22:14,634 TRACE [com.arjuna.ats.arjuna] (default task-8) ShadowingStore.write_state(0:ffff7f000001:44f00699:576261aa:1b, /StateManager/BasicAction/TwoPhaseCoordinator/AtomicAction, StateType.OS_ORIGINAL)
2016-06-16 10:22:14,634 TRACE [com.arjuna.ats.arjuna] (default task-8) ShadowingStore.genPathName(0:ffff7f000001:44f00699:576261aa:1b, /StateManager/BasicAction/TwoPhaseCoordinator/AtomicAction, StateType.OS_ORIGINAL)
2016-06-16 10:22:14,634 TRACE [com.arjuna.ats.arjuna] (default task-8) FileSystemStore.genPathName(0:ffff7f000001:44f00699:576261aa:1b, /StateManager/BasicAction/TwoPhaseCoordinator/AtomicAction, 11)
2016-06-16 10:22:14,634 TRACE [com.arjuna.ats.arjuna] (default task-8) FileSystemStore.openAndLock(/home/ochaloup/Transactions/eap-tests-transactions/jbossts/target/jbossas-jbossts/standalone/data/tx-object-store/ShadowNoFileLockStore/defaultStore/StateManager/BasicAction/TwoPhaseCoordinator/AtomicAction/0_ffff7f000001_44f00699_576261aa_1b, FileLock.F_WRLCK, true)
2016-06-16 10:22:14,634 TRACE [com.arjuna.ats.arjuna] (default task-8) FileSystemStore.createHierarchy(/home/ochaloup/Transactions/eap-tests-transactions/jbossts/target/jbossas-jbossts/standalone/data/tx-object-store/ShadowNoFileLockStore/defaultStore/StateManager/BasicAction/TwoPhaseCoordinator/AtomicAction/0_ffff7f000001_44f00699_576261aa_1b)
2016-06-16 10:22:14,641 TRACE [com.arjuna.ats.arjuna] (default task-8) FileSystemStore.closeAndUnlock(/home/ochaloup/Transactions/eap-tests-transactions/jbossts/target/jbossas-jbossts/standalone/data/tx-object-store/ShadowNoFileLockStore/defaultStore/StateManager/BasicAction/TwoPhaseCoordinator/AtomicAction/0_ffff7f000001_44f00699_576261aa_1b, null, java.io.FileOutputStream@1b9aa768)
2016-06-16 10:22:14,641 TRACE [com.arjuna.ats.arjuna] (default task-8) BasicAction::phase2Commit() for action-id 0:ffff7f000001:44f00699:576261aa:1b
2016-06-16 10:22:14,644 TRACE [com.arjuna.ats.arjuna] (default task-8) BasicAction::doCommit (XAResourceRecord < resource:TestXAResource(TestXAResourceCommon(id:756, xid:< formatId=131077, gtrid_length=29, bqual_length=36, tx_uid=0:ffff7f000001:44f00699:576261aa:1b, node_name=1, branch_uid=0:ffff7f000001:44f00699:576261aa:21, subordinatenodename=null, eis_name=java:/TestXAResource-756 >, timeout:300, prepareReturn:0)), txid:< formatId=131077, gtrid_length=29, bqual_length=36, tx_uid=0:ffff7f000001:44f00699:576261aa:1b, node_name=1, branch_uid=0:ffff7f000001:44f00699:576261aa:21, subordinatenodename=null, eis_name=java:/TestXAResource-756 >, heuristic: TwoPhaseOutcome.FINISH_OK, product: Crash Recovery Test/EAP Test, jndiName: java:/TestXAResource-756 com.arjuna.ats.internal.jta.resources.arjunacore.XAResourceRecord@2262303f >)
2016-06-16 10:22:14,647 TRACE [com.arjuna.ats.jta] (default task-8) XAResourceRecord.topLevelCommit for XAResourceRecord < resource:TestXAResource(TestXAResourceCommon(id:756, xid:< formatId=131077, gtrid_length=29, bqual_length=36, tx_uid=0:ffff7f000001:44f00699:576261aa:1b, node_name=1, branch_uid=0:ffff7f000001:44f00699:576261aa:21, subordinatenodename=null, eis_name=java:/TestXAResource-756 >, timeout:300, prepareReturn:0)), txid:< formatId=131077, gtrid_length=29, bqual_length=36, tx_uid=0:ffff7f000001:44f00699:576261aa:1b, node_name=1, branch_uid=0:ffff7f000001:44f00699:576261aa:21, subordinatenodename=null, eis_name=java:/TestXAResource-756 >, heuristic: TwoPhaseOutcome.FINISH_OK, product: Crash Recovery Test/EAP Test, jndiName: java:/TestXAResource-756 com.arjuna.ats.internal.jta.resources.arjunacore.XAResourceRecord@2262303f >, record id=0:ffff7f000001:44f00699:576261aa:22
2016-06-16 10:22:14,653 INFO  [org.jboss.as.test.jbossts.common.TestXAResourceCommon] (default task-8) TestXAResourceCommon.commit(Xid=< formatId=131077, gtrid_length=29, bqual_length=36, tx_uid=0:ffff7f000001:44f00699:576261aa:1b, node_name=1, branch_uid=0:ffff7f000001:44f00699:576261aa:21, subordinatenodename=null, eis_name=java:/TestXAResource-756 >, b=false)[id=756]
2016-06-16 10:22:14,654 INFO  [org.jboss.as.test.jbossts.common.TestXAResourceRecoveryHelper] (default task-8) removeLog(xid=< formatId=131077, gtrid_length=29, bqual_length=36, tx_uid=0:ffff7f000001:44f00699:576261aa:1b, node_name=1, branch_uid=0:ffff7f000001:44f00699:576261aa:21, subordinatenodename=null, eis_name=java:/TestXAResource-756 >
2016-06-16 10:22:14,654 INFO  [org.jboss.as.test.jbossts.common.TestXAResourceRecoveryHelper] (default task-8) Using file /home/ochaloup/Transactions/eap-tests-transactions/jbossts/target/jbossas-jbossts/standalone/data/tx-object-store/TestXAResourceStateStore/TestXAResource.ser for saving state of the org.jboss.as.test.jbossts.common.TestXAResource XA resource
2016-06-16 10:22:14,654 INFO  [org.jboss.as.test.jbossts.common.TestXAResourceRecoveryHelper] (default task-8) logging xids: [][number: 0] records to /home/ochaloup/Transactions/eap-tests-transactions/jbossts/target/jbossas-jbossts/standalone/data/tx-object-store/TestXAResourceStateStore/TestXAResource.ser
2016-06-16 10:22:14,654 TRACE [com.arjuna.ats.arjuna] (default task-8) BasicAction::doCommit() result for action-id (0:ffff7f000001:44f00699:576261aa:1b) on record id: (0:ffff7f000001:44f00699:576261aa:22) is (TwoPhaseOutcome.FINISH_OK) node id: (1)
2016-06-16 10:22:14,654 TRACE [com.arjuna.ats.arjuna] (default task-8) BasicAction::doCommit (XAResourceRecord < resource:org.jboss.activemq.artemis.wildfly.integration.WildFlyActiveMQXAResourceWrapper@82d1e54, txid:< formatId=131077, gtrid_length=29, bqual_length=36, tx_uid=0:ffff7f000001:44f00699:576261aa:1b, node_name=1, branch_uid=0:ffff7f000001:44f00699:576261aa:27, subordinatenodename=null, eis_name=java:/JmsXA NodeId:677be8e2-339b-11e6-8b9d-ad1687d74656 >, heuristic: TwoPhaseOutcome.FINISH_OK, product: ActiveMQ Artemis/1.1.0.SP16-redhat-1, jndiName: java:/JmsXA NodeId:677be8e2-339b-11e6-8b9d-ad1687d74656 com.arjuna.ats.internal.jta.resources.arjunacore.XAResourceRecord@6fecd665 >)
2016-06-16 10:22:14,654 TRACE [com.arjuna.ats.jta] (default task-8) XAResourceRecord.topLevelCommit for XAResourceRecord < resource:org.jboss.activemq.artemis.wildfly.integration.WildFlyActiveMQXAResourceWrapper@82d1e54, txid:< formatId=131077, gtrid_length=29, bqual_length=36, tx_uid=0:ffff7f000001:44f00699:576261aa:1b, node_name=1, branch_uid=0:ffff7f000001:44f00699:576261aa:27, subordinatenodename=null, eis_name=java:/JmsXA NodeId:677be8e2-339b-11e6-8b9d-ad1687d74656 >, heuristic: TwoPhaseOutcome.FINISH_OK, product: ActiveMQ Artemis/1.1.0.SP16-redhat-1, jndiName: java:/JmsXA NodeId:677be8e2-339b-11e6-8b9d-ad1687d74656 com.arjuna.ats.internal.jta.resources.arjunacore.XAResourceRecord@6fecd665 >, record id=0:ffff7f000001:44f00699:576261aa:28
2016-06-16 10:22:14,656 TRACE [com.arjuna.ats.arjuna] (default task-8) BasicAction::doCommit() result for action-id (0:ffff7f000001:44f00699:576261aa:1b) on record id: (0:ffff7f000001:44f00699:576261aa:28) is (TwoPhaseOutcome.FINISH_OK) node id: (1)
2016-06-16 10:22:14,656 TRACE [com.arjuna.ats.arjuna] (default task-8) BasicAction::updateState() for action-id 0:ffff7f000001:44f00699:576261aa:1b
2016-06-16 10:22:14,656 TRACE [com.arjuna.ats.arjuna] (default task-8) FileSystemStore.remove_committed(0:ffff7f000001:44f00699:576261aa:1b, /StateManager/BasicAction/TwoPhaseCoordinator/AtomicAction)
2016-06-16 10:22:14,656 TRACE [com.arjuna.ats.arjuna] (default task-8) ShadowingStore.remove_state(0:ffff7f000001:44f00699:576261aa:1b, /StateManager/BasicAction/TwoPhaseCoordinator/AtomicAction, StateType.OS_ORIGINAL)
2016-06-16 10:22:14,656 TRACE [com.arjuna.ats.arjuna] (default task-8) ShadowingStore.genPathName(0:ffff7f000001:44f00699:576261aa:1b, /StateManager/BasicAction/TwoPhaseCoordinator/AtomicAction, StateType.OS_SHADOW)
2016-06-16 10:22:14,656 TRACE [com.arjuna.ats.arjuna] (default task-8) FileSystemStore.genPathName(0:ffff7f000001:44f00699:576261aa:1b, /StateManager/BasicAction/TwoPhaseCoordinator/AtomicAction, 10)
2016-06-16 10:22:14,656 TRACE [com.arjuna.ats.arjuna] (default task-8) ShadowingStore.genPathName(0:ffff7f000001:44f00699:576261aa:1b, /StateManager/BasicAction/TwoPhaseCoordinator/AtomicAction, StateType.OS_ORIGINAL)
2016-06-16 10:22:14,656 TRACE [com.arjuna.ats.arjuna] (default task-8) FileSystemStore.genPathName(0:ffff7f000001:44f00699:576261aa:1b, /StateManager/BasicAction/TwoPhaseCoordinator/AtomicAction, 11)
2016-06-16 10:22:14,657 TRACE [com.arjuna.ats.arjuna] (default task-8) ShadowingStore.currentState(0:ffff7f000001:44f00699:576261aa:1b, /StateManager/BasicAction/TwoPhaseCoordinator/AtomicAction) - returning StateStatus.OS_COMMITTED
2016-06-16 10:22:14,657 TRACE [com.arjuna.ats.arjuna] (default task-8) ShadowingStore.genPathName(0:ffff7f000001:44f00699:576261aa:1b, /StateManager/BasicAction/TwoPhaseCoordinator/AtomicAction, StateType.OS_ORIGINAL)
2016-06-16 10:22:14,657 TRACE [com.arjuna.ats.arjuna] (default task-8) FileSystemStore.genPathName(0:ffff7f000001:44f00699:576261aa:1b, /StateManager/BasicAction/TwoPhaseCoordinator/AtomicAction, 11)
2016-06-16 10:22:14,657 TRACE [com.arjuna.ats.arjuna] (default task-8) FileSystemStore.openAndLock(/home/ochaloup/Transactions/eap-tests-transactions/jbossts/target/jbossas-jbossts/standalone/data/tx-object-store/ShadowNoFileLockStore/defaultStore/StateManager/BasicAction/TwoPhaseCoordinator/AtomicAction/0_ffff7f000001_44f00699_576261aa_1b, FileLock.F_WRLCK, false)
2016-06-16 10:22:14,657 TRACE [com.arjuna.ats.arjuna] (default task-8) FileSystemStore.closeAndUnlock(/home/ochaloup/Transactions/eap-tests-transactions/jbossts/target/jbossas-jbossts/standalone/data/tx-object-store/ShadowNoFileLockStore/defaultStore/StateManager/BasicAction/TwoPhaseCoordinator/AtomicAction/0_ffff7f000001_44f00699_576261aa_1b, null, null)
2016-06-16 10:22:14,657 TRACE [com.arjuna.ats.arjuna] (default task-8) BasicAction::End() result for action-id (0:ffff7f000001:44f00699:576261aa:1b) is (TwoPhaseOutcome.FINISH_OK) node id: (1)
2016-06-16 10:22:14,657 TRACE [com.arjuna.ats.jta] (default task-8) SynchronizationImple.afterCompletion - Class: class org.jboss.as.txn.service.internal.tsr.JCAOrderedLastSynchronizationList HashCode: 1873476052 toString: org.jboss.as.txn.service.internal.tsr.JCAOrderedLastSynchronizationList@6faaf9d4
2016-06-16 10:22:14,657 TRACE [com.arjuna.ats.jta] (default task-8) SynchronizationImple.afterCompletion - Class: class org.jboss.as.test.jbossts.common.TestSynchronization HashCode: 438380639 toString: org.jboss.as.test.jbossts.common.TestSynchronization@1a21285f
2016-06-16 10:22:14,661 INFO  [org.jboss.as.test.jbossts.common.TestSynchronization] (default task-8) TestSynchronization.afterCompletion(3)
2016-06-16 10:22:14,661 TRACE [com.arjuna.ats.arjuna] (default task-8) BasicAction::removeChildThread () action 0:ffff7f000001:44f00699:576261aa:1b removing TSThread:6
2016-06-16 10:22:14,661 TRACE [com.arjuna.ats.arjuna] (default task-8) BasicAction::removeChildThread () action 0:ffff7f000001:44f00699:576261aa:1b removing TSThread:6 result = true
2016-06-16 10:22:14,661 TRACE [com.arjuna.ats.arjuna] (default task-8) TransactionReaper::remove ( BasicAction: 0:ffff7f000001:44f00699:576261aa:1b status: ActionStatus.COMMITTED )
